<?xml version="1.0" encoding="UTF-8"?>
<testsuite name="com.example.model.CardTest" tests="8" skipped="0" failures="0" errors="0" timestamp="2024-06-06T06:52:21" hostname="JANKER" time="0.017">
  <properties/>
  <testcase name="testSetCardNumber" classname="com.example.model.CardTest" time="0.016"/>
  <testcase name="testSetAvailableFunds" classname="com.example.model.CardTest" time="0.0"/>
  <testcase name="testGetAvailableFunds" classname="com.example.model.CardTest" time="0.0"/>
  <testcase name="testSetCardId" classname="com.example.model.CardTest" time="0.0"/>
  <testcase name="testGetCardId" classname="com.example.model.CardTest" time="0.0"/>
  <testcase name="testSetCardType" classname="com.example.model.CardTest" time="0.0"/>
  <testcase name="testGetCardType" classname="com.example.model.CardTest" time="0.0"/>
  <testcase name="testGetCardNumber" classname="com.example.model.CardTest" time="0.0"/>
  <system-out><![CDATA[]]></system-out>
  <system-err><![CDATA[]]></system-err>
</testsuite>
