<?xml version="1.0" encoding="UTF-8"?>
<testsuite name="com.example.model.OperationCategoryTest" tests="4" skipped="0" failures="0" errors="0" timestamp="2024-06-06T06:52:21" hostname="JANKER" time="0.001">
  <properties/>
  <testcase name="testGetId" classname="com.example.model.OperationCategoryTest" time="0.001"/>
  <testcase name="testSetId" classname="com.example.model.OperationCategoryTest" time="0.0"/>
  <testcase name="testGetName" classname="com.example.model.OperationCategoryTest" time="0.0"/>
  <testcase name="testSetName" classname="com.example.model.OperationCategoryTest" time="0.0"/>
  <system-out><![CDATA[]]></system-out>
  <system-err><![CDATA[]]></system-err>
</testsuite>
