<?xml version="1.0" encoding="UTF-8"?>
<testsuite name="com.example.model.FinancialOperationTest" tests="12" skipped="0" failures="0" errors="0" timestamp="2024-06-06T06:52:21" hostname="JANKER" time="0.003">
  <properties/>
  <testcase name="testGetCategoryId" classname="com.example.model.FinancialOperationTest" time="0.0"/>
  <testcase name="testGetId" classname="com.example.model.FinancialOperationTest" time="0.0"/>
  <testcase name="testSetId" classname="com.example.model.FinancialOperationTest" time="0.0"/>
  <testcase name="testSetDateTime" classname="com.example.model.FinancialOperationTest" time="0.0"/>
  <testcase name="testGetDateTime" classname="com.example.model.FinancialOperationTest" time="0.0"/>
  <testcase name="testSetCategoryId" classname="com.example.model.FinancialOperationTest" time="0.0"/>
  <testcase name="testGetType" classname="com.example.model.FinancialOperationTest" time="0.0"/>
  <testcase name="testSetAmount" classname="com.example.model.FinancialOperationTest" time="0.0"/>
  <testcase name="testSetCardId" classname="com.example.model.FinancialOperationTest" time="0.0"/>
  <testcase name="testGetAmount" classname="com.example.model.FinancialOperationTest" time="0.0"/>
  <testcase name="testGetCardId" classname="com.example.model.FinancialOperationTest" time="0.001"/>
  <testcase name="testSetType" classname="com.example.model.FinancialOperationTest" time="0.0"/>
  <system-out><![CDATA[]]></system-out>
  <system-err><![CDATA[]]></system-err>
</testsuite>
