<?xml version="1.0" encoding="UTF-8"?>
<testsuite name="com.example.model.BudgetTest" tests="2" skipped="0" failures="0" errors="0" timestamp="2024-06-06T06:52:21" hostname="JANKER" time="0.003">
  <properties/>
  <testcase name="testGetters" classname="com.example.model.BudgetTest" time="0.003"/>
  <testcase name="testSetters" classname="com.example.model.BudgetTest" time="0.0"/>
  <system-out><![CDATA[]]></system-out>
  <system-err><![CDATA[]]></system-err>
</testsuite>
